Looking for git in: git
Using git 2.23.0 from git
> git rev-parse --git-dir
Open repository: /home/obejorng/public_html
> git status -z -u
> git check-ignore -v -z --stdin
> git check-ignore -v -z --stdin
> git symbolic-ref --short HEAD
> git rev-parse master
fatal: ambiguous argument 'master': unknown revision or path not in the working tree.
Use '--' to separate paths from revisions, like this:
'git <command> [<revision>...] -- [<file>...]'
> git for-each-ref --sort -committerdate --format %(refname) %(objectname)
> git remote --verbose
> git config --get commit.template
> git show --textconv :.htaccess
> git ls-files --stage -- /home/obejorng/public_html/.htaccess
> git cat-file -s fc1cb7bfef3456ef272683a1cb337a77eb34178e
> git ls-files --stage -- /home/obejorng/public_html/.htaccess
> git cat-file -s fc1cb7bfef3456ef272683a1cb337a77eb34178e
> git show --textconv :.htaccess
