[01-Dec-2020 20:16:34 +0000]: <1445c7cf> In migration: 0000-dbinit
[01-Dec-2020 20:16:34 +0000]: <1445c7cf> Found 7 matches
[01-Dec-2020 20:16:34 +0000]: <1445c7cf> In migration: 0000-sample
[01-Dec-2020 20:16:34 +0000]: <1445c7cf> Found 1 matches
[01-Dec-2020 20:16:34 +0000]: <1445c7cf> In migration: 0001-categories
[01-Dec-2020 20:16:34 +0000]: <1445c7cf> Found 1 matches
[01-Dec-2020 20:16:34 +0000]: <1445c7cf> In migration: 0002-increasetextfieldlengths
[01-Dec-2020 20:16:34 +0000]: <1445c7cf> Found 7 matches
[01-Dec-2020 20:16:34 +0000]: <1445c7cf> In migration: 0003-fixtimestampdefaultvalue
[01-Dec-2020 20:16:34 +0000]: <1445c7cf> Found 1 matches
[01-Dec-2020 20:16:34 +0000]: <1445c7cf> In migration: 0004-fixtimestampdefaultvalue
[01-Dec-2020 20:16:34 +0000]: <1445c7cf> Found 1 matches
[01-Dec-2020 20:16:34 +0000]: <1445c7cf> In migration: 0005-changemysqlut8toutf8mb4
[01-Dec-2020 20:16:34 +0000]: <1445c7cf> Found 1 matches
[07-Dec-2020 17:31:13 +0000]: <0155fdbc> In migration: 0000-dbinit
[07-Dec-2020 17:31:13 +0000]: <0155fdbc> Found 7 matches
[07-Dec-2020 17:31:13 +0000]: <0155fdbc> In migration: 0000-sample
[07-Dec-2020 17:31:13 +0000]: <0155fdbc> Found 1 matches
[07-Dec-2020 17:31:13 +0000]: <0155fdbc> In migration: 0001-categories
[07-Dec-2020 17:31:13 +0000]: <0155fdbc> Found 1 matches
[07-Dec-2020 17:31:13 +0000]: <0155fdbc> In migration: 0002-increasetextfieldlengths
[07-Dec-2020 17:31:13 +0000]: <0155fdbc> Found 7 matches
[07-Dec-2020 17:31:13 +0000]: <0155fdbc> In migration: 0003-fixtimestampdefaultvalue
[07-Dec-2020 17:31:13 +0000]: <0155fdbc> Found 1 matches
[07-Dec-2020 17:31:13 +0000]: <0155fdbc> In migration: 0004-fixtimestampdefaultvalue
[07-Dec-2020 17:31:13 +0000]: <0155fdbc> Found 1 matches
[07-Dec-2020 17:31:13 +0000]: <0155fdbc> In migration: 0005-changemysqlut8toutf8mb4
[07-Dec-2020 17:31:13 +0000]: <0155fdbc> Found 1 matches
